<?xml version="1.0" encoding="UTF-8"?>
<testsuite xmlns:xsi="http://www.w3.org/2001/XMLSchema-instance" xsi:noNamespaceSchemaLocation="https://maven.apache.org/surefire/maven-surefire-plugin/xsd/surefire-test-report-3.0.xsd" version="3.0" name="com.aed.packetflow.PacketFlowTest" time="0.123" tests="4" errors="0" skipped="0" failures="0">
  <properties>
[...]
</properties>
  <testcase name="testDeleteMessage" classname="com.aed.packetflow.PacketFlowTest" time="0.057"/>
  <testcase name="testNetworkCapacityLimit" classname="com.aed.packetflow.PacketFlowTest" time="0.006">
    <system-out><![CDATA[Network capacity reached! Dropping packet 2 of message MSG2
]]></system-out>
  </testcase>
  <testcase name="testSendMessageFragmentation" classname="com.aed.packetflow.PacketFlowTest" time="0.003"/>
  <testcase name="testReceiveAndReconstruct" classname="com.aed.packetflow.PacketFlowTest" time="0.006"/>
</testsuite>